[12:03:00] [ServerMain/INFO]: [bootstrap] Running Java 21 (OpenJDK 64-Bit Server VM 21.0.11+10-LTS; Eclipse Adoptium Temurin-21.0.11+10) on Linux 7.0.9-ogc3.2.fc44.x86_64 (amd64)
[12:03:00] [ServerMain/INFO]: [bootstrap] Loading Paper 1.21.11-132-ver/1.21.11@c5eb079 (2026-05-11T11:43:09Z) for Minecraft 1.21.11
[12:03:01] [ServerMain/INFO]: [PluginInitializerManager] Initializing plugins...
[12:03:01] [Paper Plugin Remapper Thread - 2/INFO]: [PluginRemapper] Remapping plugin '/var/home/vastly/IdeaProjects/ObscureNicks/build/libs/ObscureNicks-1.0-SNAPSHOT.jar'...
[12:03:01] [Paper Plugin Remapper Thread - 2/INFO]: [PluginRemapper] Done remapping plugin '/var/home/vastly/IdeaProjects/ObscureNicks/build/libs/ObscureNicks-1.0-SNAPSHOT.jar' in 324ms.
[12:03:01] [ServerMain/INFO]: [PluginInitializerManager] Initialized 2 plugins
[12:03:01] [ServerMain/INFO]: [PluginInitializerManager] Bukkit plugins (2):
 - ObscureNicks (1.1.0), PlaceholderAPI (2.12.2)
[12:03:06] [ServerMain/INFO]: Environment: Environment[sessionHost=https://sessionserver.mojang.com, servicesHost=https://api.minecraftservices.com, profilesHost=https://api.mojang.com, name=PROD]
[12:03:08] [ServerMain/INFO]: Loaded 1470 recipes
[12:03:08] [ServerMain/INFO]: Loaded 1584 advancements
[12:03:09] [ServerMain/INFO]: [ca.spottedleaf.dataconverter.minecraft.datatypes.MCTypeRegistry] Initialising converters for DataConverter...
[12:03:09] [ServerMain/INFO]: [ca.spottedleaf.dataconverter.minecraft.datatypes.MCTypeRegistry] Finished initialising converters for DataConverter in 468.2ms
[12:03:09] [Server thread/INFO]: Starting minecraft server version 1.21.11
[12:03:09] [Server thread/INFO]: Loading properties
[12:03:09] [Server thread/INFO]: This server is running Paper version 1.21.11-132-ver/1.21.11@c5eb079 (2026-05-11T11:43:09Z) (Implementing API version 1.21.11-R0.1-SNAPSHOT)
[12:03:09] [Server thread/INFO]: [spark] This server bundles the spark profiler. For more information please visit https://docs.papermc.io/paper/profiling
[12:03:09] [Server thread/INFO]: Server Ping Player Sample Count: 12
[12:03:09] [Server thread/INFO]: Using 4 threads for Netty based IO
[12:03:10] [Server thread/INFO]: [MoonriseCommon] Paper is using 2 worker threads, 1 I/O threads
[12:03:11] [Server thread/INFO]: Default game type: SURVIVAL
[12:03:11] [Server thread/INFO]: Generating keypair
[12:03:11] [Server thread/INFO]: Starting Minecraft server on *:25565
[12:03:11] [Server thread/INFO]: Paper: Using libdeflate (Linux x86_64) compression from Velocity.
[12:03:11] [Server thread/INFO]: Paper: Using OpenSSL 3.x.x (Linux x86_64) cipher from Velocity.
[12:03:11] [Server thread/INFO]: [PlaceholderAPI] Loading server plugin PlaceholderAPI v2.12.2
[12:03:11] [Server thread/INFO]: [ObscureNicks] Loading server plugin ObscureNicks v1.1.0
[12:03:11] [Server thread/INFO]: Server permissions file permissions.yml is empty, ignoring it
[12:03:11] [Server thread/INFO]: Preparing level "world"
[12:03:11] [Server thread/INFO]: [ca.spottedleaf.moonrise.common.util.MoonriseConstants] NUMA enable flag is not set; however there is NUMA interaction support for this OS.
[12:03:11] [Server thread/INFO]: [ca.spottedleaf.moonrise.common.util.MoonriseConstants] Detected 1 NUMA nodes.
[12:03:12] [Server thread/INFO]: Loading 0 persistent chunks for world 'minecraft:overworld'...
[12:03:12] [Server thread/INFO]: Preparing spawn area: 100%
[12:03:12] [Server thread/INFO]: Prepared spawn area in 1 ms
[12:03:12] [Server thread/INFO]: Loading 0 persistent chunks for world 'minecraft:the_nether'...
[12:03:12] [Server thread/INFO]: Prepared spawn area in 0 ms
[12:03:12] [Server thread/INFO]: Loading 0 persistent chunks for world 'minecraft:the_end'...
[12:03:12] [Server thread/INFO]: Prepared spawn area in 0 ms
[12:03:12] [Server thread/INFO]: Done preparing level "world" (0.601s)
[12:03:12] [Server thread/INFO]: [PlaceholderAPI] Enabling PlaceholderAPI v2.12.2
[12:03:13] [Server thread/INFO]: [PlaceholderAPI] Fetching available expansion information...
[12:03:13] [Server thread/INFO]: [ObscureNicks] Enabling ObscureNicks v1.1.0
[12:03:13] [Server thread/INFO]: [PlaceholderAPI] Successfully registered internal expansion: lanick [1.1.0]
[12:03:13] [Server thread/INFO]: [spark] Starting background profiler...
[12:03:14] [Server thread/INFO]: [PlaceholderAPI] Placeholder expansion registration initializing...
[12:03:14] [Server thread/INFO]: 0 placeholder hook(s) registered!
[12:03:14] [Server thread/INFO]: Running delayed init tasks
[12:03:14] [Server thread/INFO]: Done (14.536s)! For help, type "help"
[12:03:14] [Paper Async Task Handler Thread - 1/WARN]: *************************************************************************************
[12:03:14] [Paper Async Task Handler Thread - 1/WARN]: You are running the latest build for your Minecraft version (1.21.11)
[12:03:14] [Paper Async Task Handler Thread - 1/WARN]: However, you are 2 release(s) behind the latest stable release (26.1.2)!
[12:03:14] [Paper Async Task Handler Thread - 1/WARN]: It is recommended that you update as soon as possible
[12:03:14] [Paper Async Task Handler Thread - 1/WARN]: https://papermc.io/downloads/paper
[12:03:14] [Paper Async Task Handler Thread - 1/WARN]: *************************************************************************************
[12:03:20] [User Authenticator #0/INFO]: UUID of player FemboyVastly is 6d1d3b13-f09c-4989-bf65-8500bf7a7f2e
[12:03:22] [Server thread/INFO]: FemboyVastly joined the game
[12:03:22] [Server thread/INFO]: FemboyVastly[/127.0.0.1:60514] logged in with entity id 67 at ([world]48.58697332382751, 72.0, 25.490216705621563)
[12:03:32] [Server thread/INFO]: FemboyVastly issued server command: /debug
[12:03:38] [Server thread/INFO]: FemboyVastly issued server command: /debug
[12:03:41] [Server thread/INFO]: FemboyVastly issued server command: /debug start
[12:03:41] [Server thread/INFO]: [FemboyVastly: Started tick profiling]
[12:03:47] [Server thread/INFO]: FemboyVastly issued server command: /debug stop
[12:03:47] [Server thread/INFO]: [FemboyVastly: Stopped tick profiling after 5.74 second(s) and 115 tick(s) (20.03 tick(s) per second)]
[12:04:38] [Server thread/INFO]: FemboyVastly issued server command: /nick Detective
[12:04:59] [Server thread/INFO]: FemboyVastly issued server command: /fakerank Admin
[12:05:31] [Server thread/INFO]: FemboyVastly lost connection: Disconnected
[12:05:31] [Server thread/INFO]: FemboyVastly left the game
[12:05:33] [Server thread/INFO]: Stopping server
[12:05:33] [Server thread/INFO]: [ObscureNicks] Disabling ObscureNicks v1.1.0
[12:05:33] [Server thread/INFO]: [PlaceholderAPI] Disabling PlaceholderAPI v2.12.2
[12:05:33] [Server thread/INFO]: Saving players
[12:05:33] [Server thread/INFO]: Saving worlds
[12:05:33] [Server thread/INFO]: Saving chunks for level 'ServerLevel[world]'/minecraft:overworld
[12:05:33] [Server thread/INFO]: [ChunkHolderManager] Waiting 60s for chunk system to halt for world 'world'
[12:05:33] [Server thread/INFO]: [ChunkHolderManager] Halted chunk system for world 'world'
[12:05:33] [Server thread/INFO]: [ChunkHolderManager] Saving all chunkholders for world 'world'
[12:05:35] [Server thread/INFO]: [ChunkHolderManager] Saved 676 block chunks, 676 entity chunks, 0 poi chunks in world 'world' in 1.57s
[12:05:35] [Server thread/INFO]: [ChunkHolderManager] Waiting 60s for chunk I/O to halt for world 'world'
[12:05:35] [Server thread/INFO]: [ChunkHolderManager] Halted I/O scheduler for world 'world'
[12:05:35] [Server thread/INFO]: Saving chunks for level 'ServerLevel[world_nether]'/minecraft:the_nether
[12:05:35] [Server thread/INFO]: [ChunkHolderManager] Waiting 60s for chunk system to halt for world 'world_nether'
[12:05:35] [Server thread/INFO]: [ChunkHolderManager] Halted chunk system for world 'world_nether'
[12:05:35] [Server thread/INFO]: [ChunkHolderManager] Saving all chunkholders for world 'world_nether'
[12:05:35] [Server thread/INFO]: [ChunkHolderManager] Saved 0 block chunks, 0 entity chunks, 0 poi chunks in world 'world_nether' in 0.00s
[12:05:35] [Server thread/INFO]: [ChunkHolderManager] Waiting 60s for chunk I/O to halt for world 'world_nether'
[12:05:35] [Server thread/INFO]: [ChunkHolderManager] Halted I/O scheduler for world 'world_nether'
[12:05:35] [Server thread/INFO]: Saving chunks for level 'ServerLevel[world_the_end]'/minecraft:the_end
[12:05:35] [Server thread/INFO]: [ChunkHolderManager] Waiting 60s for chunk system to halt for world 'world_the_end'
[12:05:35] [Server thread/INFO]: [ChunkHolderManager] Halted chunk system for world 'world_the_end'
[12:05:35] [Server thread/INFO]: [ChunkHolderManager] Saving all chunkholders for world 'world_the_end'
[12:05:35] [Server thread/INFO]: [ChunkHolderManager] Saved 0 block chunks, 0 entity chunks, 0 poi chunks in world 'world_the_end' in 0.00s
[12:05:35] [Server thread/INFO]: [ChunkHolderManager] Waiting 60s for chunk I/O to halt for world 'world_the_end'
[12:05:35] [Server thread/INFO]: [ChunkHolderManager] Halted I/O scheduler for world 'world_the_end'
[12:05:35] [Server thread/INFO]: ThreadedAnvilChunkStorage (world): All chunks are saved
[12:05:35] [Server thread/INFO]: ThreadedAnvilChunkStorage (DIM-1): All chunks are saved
[12:05:35] [Server thread/INFO]: ThreadedAnvilChunkStorage (DIM1): All chunks are saved
[12:05:35] [Server thread/INFO]: ThreadedAnvilChunkStorage: All dimensions are saved
[12:05:35] [Server thread/INFO]: Waiting for all RegionFile I/O tasks to complete...
[12:05:35] [Server thread/INFO]: All RegionFile I/O tasks to complete
[12:05:35] [Server thread/INFO]: [MoonriseCommon] Awaiting termination of worker pool for up to 60s...
[12:05:35] [Server thread/INFO]: [MoonriseCommon] Awaiting termination of I/O pool for up to 60s...
